2024-10-26 13:33:49 [INFO]: Server running on port 5000
2024-10-26 13:34:37 [ERROR]: Login error: You have tried to call .then(), .catch(), or invoked await on the result of query that is not a promise, which is a programming error. Try calling con.promise().query(), or require('mysql2/promise') instead of 'mysql2' for a promise-compatible version of the query interface. To learn how to use async/await or Promises check out documentation at https://www.npmjs.com/package/mysql2#using-promise-wrapper, or the mysql2 documentation at https://github.com/sidorares/node-mysql2/tree/master/documentation/Promise-Wrapper.md
2024-10-26 13:39:00 [INFO]: Server running on port 5000
2024-10-26 13:39:04 [ERROR]: Login error: You have tried to call .then(), .catch(), or invoked await on the result of query that is not a promise, which is a programming error. Try calling con.promise().query(), or require('mysql2/promise') instead of 'mysql2' for a promise-compatible version of the query interface. To learn how to use async/await or Promises check out documentation at https://www.npmjs.com/package/mysql2#using-promise-wrapper, or the mysql2 documentation at https://github.com/sidorares/node-mysql2/tree/master/documentation/Promise-Wrapper.md
2024-10-26 13:39:35 [INFO]: Server running on port 5000
2024-10-26 13:39:43 [ERROR]: Login error: object is not iterable (cannot read property Symbol(Symbol.iterator))
2024-10-26 13:39:57 [ERROR]: Login error: object is not iterable (cannot read property Symbol(Symbol.iterator))
2024-10-26 13:41:47 [ERROR]: Login error: object is not iterable (cannot read property Symbol(Symbol.iterator))
2024-10-26 13:41:56 [INFO]: Server running on port 5000
2024-10-26 13:42:00 [ERROR]: Login error: object is not iterable (cannot read property Symbol(Symbol.iterator))
2024-10-26 14:25:40 [ERROR]: Login error: object is not iterable (cannot read property Symbol(Symbol.iterator))
2024-10-26 14:26:16 [ERROR]: Login error: object is not iterable (cannot read property Symbol(Symbol.iterator))
2024-10-26 14:26:43 [ERROR]: Login error: object is not iterable (cannot read property Symbol(Symbol.iterator))
2024-10-26 14:26:56 [ERROR]: Login error: object is not iterable (cannot read property Symbol(Symbol.iterator))
2024-10-26 14:27:19 [ERROR]: Login error: object is not iterable (cannot read property Symbol(Symbol.iterator))
2024-10-26 14:28:00 [ERROR]: Login error: object is not iterable (cannot read property Symbol(Symbol.iterator))
2024-10-26 14:28:08 [ERROR]: Login error: object is not iterable (cannot read property Symbol(Symbol.iterator))
2024-10-26 14:28:11 [ERROR]: Login error: object is not iterable (cannot read property Symbol(Symbol.iterator))
2024-10-26 14:28:41 [ERROR]: Login error: object is not iterable (cannot read property Symbol(Symbol.iterator))
2024-10-26 14:29:09 [ERROR]: Login error: object is not iterable (cannot read property Symbol(Symbol.iterator))
2024-10-26 14:29:16 [INFO]: Server running on port 5000
2024-10-26 14:29:49 [INFO]: Server running on port 5000
2024-10-26 14:29:52 [ERROR]: Login error: object is not iterable (cannot read property Symbol(Symbol.iterator))
2024-10-26 14:30:45 [INFO]: Server running on port 5000
2024-10-26 14:30:52 [INFO]: Server running on port 5000
2024-10-26 14:31:01 [ERROR]: Login error: object is not iterable (cannot read property Symbol(Symbol.iterator))
2024-10-26 14:31:22 [INFO]: Server running on port 5000
2024-10-26 14:31:24 [ERROR]: Login error: object is not iterable (cannot read property Symbol(Symbol.iterator))
2024-10-26 14:31:40 [INFO]: Server running on port 5000
2024-10-26 14:31:42 [ERROR]: Login error: object is not iterable (cannot read property Symbol(Symbol.iterator))
2024-10-26 14:31:56 [ERROR]: Login error: object is not iterable (cannot read property Symbol(Symbol.iterator))
2024-10-26 14:32:01 [INFO]: Server running on port 5000
2024-10-26 14:32:02 [ERROR]: Login error: You have tried to call .then(), .catch(), or invoked await on the result of query that is not a promise, which is a programming error. Try calling con.promise().query(), or require('mysql2/promise') instead of 'mysql2' for a promise-compatible version of the query interface. To learn how to use async/await or Promises check out documentation at https://www.npmjs.com/package/mysql2#using-promise-wrapper, or the mysql2 documentation at https://github.com/sidorares/node-mysql2/tree/master/documentation/Promise-Wrapper.md
2024-10-26 15:08:07 [INFO]: Server running on port 5000
2024-10-26 15:08:13 [ERROR]: Login error: Unknown column 'email' in 'where clause'
2024-10-26 15:08:28 [ERROR]: Login error: Unknown column 'email' in 'where clause'
2024-10-26 15:08:36 [INFO]: Server running on port 5000
2024-10-26 15:08:38 [INFO]: Failed login attempt for email: teacher@example.com
2024-10-26 15:09:38 [INFO]: Server running on port 5000
2024-10-26 15:09:41 [INFO]: Failed login attempt for email: teacher@example.com
2024-10-26 15:10:16 [INFO]: Server running on port 5000
2024-10-26 15:10:18 [INFO]: Failed login attempt for email: teacher@example.com
2024-10-26 15:12:11 [INFO]: Failed login attempt for email: teacher@example.com
2024-10-26 15:13:00 [INFO]: Server running on port 5000
2024-10-26 15:13:05 [INFO]: Failed login attempt for email: teacher@example.com
2024-10-26 15:14:30 [INFO]: Failed login attempt for email: teacher@example.com
2024-10-26 15:14:38 [INFO]: Server running on port 5000
2024-10-26 15:14:41 [INFO]: Failed login attempt for email: teacher@example.com
2024-10-26 15:15:46 [ERROR]: Login error: secretOrPrivateKey must have a value
2024-10-26 15:22:27 [INFO]: Server running on port 5000
2024-10-26 15:22:28 [INFO]: User logged in: teacher@example.com
2024-10-26 15:23:25 [INFO]: User logged in: teacher@example.com
2024-10-26 15:23:38 [INFO]: User logged in: teacher@example.com
2024-10-26 15:54:26 [INFO]: Server running on port 5000
2024-10-26 15:54:58 [INFO]: User logged in: teacher@example.com
2024-10-26 15:58:05 [INFO]: Server running on port 5000
2024-10-26 16:27:20 [INFO]: User logged in: teacher@example.com
2024-10-26 16:30:12 [INFO]: User logged in: teacher@example.com
2024-10-26 16:30:28 [INFO]: User logged in: teacher@example.com
2024-10-26 20:19:54 [INFO]: Server running on port 5000
2024-10-26 20:37:08 [INFO]: User logged in: teacher@example.com
2024-10-26 20:53:25 [INFO]: User logged in: teacher@example.com
2024-10-26 20:57:55 [INFO]: User logged in: teacher@example.com
2024-10-26 21:10:18 [INFO]: User logged in: teacher@example.com
2024-10-26 21:12:28 [INFO]: Server running on port 5000
2024-10-26 21:13:42 [INFO]: Server running on port 5000
2024-10-26 21:18:44 [INFO]: Server running on port 5000
2024-10-26 21:20:59 [INFO]: Server running on port 5000
2024-10-26 21:24:44 [INFO]: User logged in: teacher@example.com
2024-10-26 21:27:01 [INFO]: Server running on port 5000
2024-10-26 21:27:30 [INFO]: Failed login attempt for email: teacher@sample.com
2024-10-26 21:27:44 [INFO]: Failed login attempt for email: teacher@sample.com
2024-10-26 21:27:58 [INFO]: User logged in: teacher@example.com
2024-10-26 21:30:47 [INFO]: Server running on port 5000
2024-10-26 21:31:09 [INFO]: User logged in: teacher@example.com
2024-10-26 21:32:11 [INFO]: User logged in: teacher@example.com
2024-10-26 21:33:13 [INFO]: Server running on port 5000
2024-10-26 21:36:20 [INFO]: Server running on port 5000
2024-10-26 21:36:33 [INFO]: User logged in: teacher@example.com
2024-10-26 21:37:36 [INFO]: Server running on port 5000
2024-10-26 21:39:35 [INFO]: Server running on port 5000
2024-10-26 21:40:44 [INFO]: Server running on port 5000
2024-10-26 22:05:47 [INFO]: Server running on port 5000
2024-10-26 22:45:47 [INFO]: Server running on port 5000
2024-10-26 22:53:25 [INFO]: User logged in: teacher@example.com
2024-10-26 23:55:23 [INFO]: Server running on port 5000
2024-10-26 23:57:07 [INFO]: Server running on port 5000
2024-10-27 00:00:25 [INFO]: Server running on port 5000
2024-10-27 00:06:15 [INFO]: Server running on port 5000
2024-10-27 00:07:45 [INFO]: Server running on port 5000
2024-10-27 00:08:36 [INFO]: Server running on port 5000
2024-10-27 00:10:07 [INFO]: Server running on port 5000
2024-10-27 00:11:43 [INFO]: Server running on port 5000
2024-10-27 00:12:29 [INFO]: Server running on port 5000
2024-10-27 00:13:20 [INFO]: Server running on port 5000
2024-10-27 00:14:02 [INFO]: Server running on port 5000
2024-10-27 00:16:10 [INFO]: Server running on port 5000
2024-10-27 00:17:57 [INFO]: Server running on port 5000
2024-10-27 00:40:53 [INFO]: Server running on port 5000
2024-10-27 00:41:57 [INFO]: Server running on port 5000
2024-10-27 00:43:37 [INFO]: Server running on port 5000
2024-10-27 00:57:50 [INFO]: Server running on port 5000
2024-10-27 00:59:38 [INFO]: Server running on port 5000
2024-10-27 01:01:17 [INFO]: Server running on port 5000
2024-10-27 01:07:33 [INFO]: Server running on port 5000
2024-10-27 01:10:29 [INFO]: Server running on port 5000
2024-10-27 01:13:06 [INFO]: Server running on port 5000
2024-10-27 01:23:19 [INFO]: Server running on port 5000
2024-10-27 01:26:25 [INFO]: Server running on port 5000
2024-10-27 01:39:37 [INFO]: Server running on port 5000
2024-10-27 11:19:09 [INFO]: Server running on port 5000
2024-10-27 11:32:30 [INFO]: Server running on port 5000
2024-10-27 11:34:33 [INFO]: Server running on port 5000
2024-10-27 11:36:08 [INFO]: Server running on port 5000
2024-10-27 11:36:28 [INFO]: Server running on port 5000
2024-10-27 11:40:29 [INFO]: Server running on port 5000
2024-10-27 11:41:10 [INFO]: Server running on port 5000
2024-10-27 11:43:44 [INFO]: Server running on port 5000
2024-10-27 11:47:00 [INFO]: Server running on port 5000
2024-10-27 11:47:49 [INFO]: Server running on port 5000
2024-10-27 11:51:38 [INFO]: Server running on port 5000
2024-10-27 11:52:19 [INFO]: Server running on port 5000
2024-10-27 11:53:08 [INFO]: Server running on port 5000
2024-10-27 11:57:58 [INFO]: Server running on port 5000
2024-10-27 11:58:09 [INFO]: Server running on port 5000
2024-10-27 11:58:34 [INFO]: Server running on port 5000
2024-10-27 11:59:24 [INFO]: Server running on port 5000
2024-10-27 12:00:57 [INFO]: Server running on port 5000
2024-10-27 12:04:00 [INFO]: Server running on port 5000
2024-10-27 12:13:01 [INFO]: Server running on port 5000
2024-10-27 12:29:04 [INFO]: Server running on port 5000
2024-10-27 12:30:51 [INFO]: Server running on port 5000
2024-10-27 12:31:54 [INFO]: Server running on port 5000
2024-10-27 12:33:17 [INFO]: Server running on port 5000
2024-10-27 12:34:23 [INFO]: Server running on port 5000
2024-10-27 15:51:29 [INFO]: Server running on port 5000
2024-10-27 16:37:45 [INFO]: Server running on port 5000
2024-10-27 16:53:42 [INFO]: Server running on port 5000
2024-10-27 16:58:02 [INFO]: Server running on port 5000
2024-10-27 16:59:19 [INFO]: Server running on port 5000
2024-10-27 17:06:42 [INFO]: Server running on port 5000
2024-10-27 17:14:08 [INFO]: Server running on port 5000
2024-10-27 17:15:59 [INFO]: Server running on port 5000
2024-10-27 17:26:41 [INFO]: Server running on port 5000
2024-10-27 17:35:41 [INFO]: Server running on port 5000
2024-10-27 17:36:57 [INFO]: Server running on port 5000
2024-10-27 17:38:16 [INFO]: Server running on port 5000
2024-10-27 17:42:50 [INFO]: Server running on port 5000
2024-10-27 17:43:36 [INFO]: Server running on port 5000
2024-10-27 18:19:47 [INFO]: Server running on port 5000
2024-10-27 18:25:12 [INFO]: Server running on port 5000
2024-10-27 18:29:55 [INFO]: Server running on port 5000
2024-10-27 18:32:18 [INFO]: Server running on port 5000
2024-10-27 18:37:35 [INFO]: Server running on port 5000
2024-10-27 18:42:50 [INFO]: Server running on port 5000
2024-10-27 18:43:59 [INFO]: Server running on port 5000
2024-10-27 18:46:58 [INFO]: Server running on port 5000
2024-10-27 18:50:43 [INFO]: Server running on port 5000
2024-10-27 18:51:05 [INFO]: Server running on port 5000
2024-10-27 18:54:56 [INFO]: Server running on port 5000
2024-10-27 18:56:05 [INFO]: Server running on port 5000
2024-10-27 18:57:15 [INFO]: Server running on port 5000
2024-10-27 20:09:59 [INFO]: Server running on port 5000
2024-10-27 20:13:27 [INFO]: Server running on port 5000
2024-10-27 20:16:46 [INFO]: Server running on port 5000
2024-10-27 20:17:45 [INFO]: Server running on port 5000
2024-10-27 20:18:43 [INFO]: Server running on port 5000
2024-10-27 20:19:38 [INFO]: Server running on port 5000
2024-10-27 20:21:38 [INFO]: Server running on port 5000
2024-10-27 20:22:16 [INFO]: Server running on port 5000
2024-10-27 20:24:50 [INFO]: Server running on port 5000
2024-10-27 20:26:09 [INFO]: Server running on port 5000
2024-10-27 20:26:50 [INFO]: Server running on port 5000
2024-10-27 20:27:50 [INFO]: Server running on port 5000
2024-10-27 20:28:29 [INFO]: Server running on port 5000
2024-10-27 20:30:31 [INFO]: Server running on port 5000
2024-10-27 20:31:15 [INFO]: Server running on port 5000
2024-10-27 20:34:05 [INFO]: Server running on port 5000
2024-10-27 20:34:37 [INFO]: Server running on port 5000
2024-10-27 20:36:10 [INFO]: Server running on port 5000
2024-10-28 10:35:33 [INFO]: Server running on port 5000
2024-10-28 15:03:19 [INFO]: Server running on port 5000
2024-10-28 15:04:30 [INFO]: Server running on port 5000
2024-10-28 15:06:22 [INFO]: Server running on port 5000
2024-10-28 15:06:48 [INFO]: Server running on port 5000
2024-10-28 15:07:31 [INFO]: Server running on port 5000
2024-10-28 15:08:05 [INFO]: Server running on port 5000
2024-10-28 15:09:00 [INFO]: Server running on port 5000
2024-10-28 15:13:28 [INFO]: Server running on port 5000
2024-10-28 15:14:16 [INFO]: Server running on port 5000
2024-10-28 15:14:44 [INFO]: Server running on port 5000
2024-10-28 15:20:04 [INFO]: Server running on port 5000
2024-10-28 16:07:41 [INFO]: Server running on port 5000
2024-10-28 16:33:43 [INFO]: Server running on port 5000
2024-10-28 17:26:33 [INFO]: Server running on port 5000
2024-10-28 17:31:18 [INFO]: Server running on port 5000
2024-10-28 17:39:58 [INFO]: Server running on port 5000
2024-10-28 17:46:39 [INFO]: User logged in: teacher@example.com
2024-10-28 20:02:47 [INFO]: Server running on port 5000
2024-10-28 22:40:10 [INFO]: Server running on port 5000
2024-10-28 22:41:30 [INFO]: Server running on port 5000
2024-10-28 22:47:28 [ERROR]: Login error: secretOrPrivateKey must have a value
2024-10-28 22:48:47 [INFO]: Server running on port 5000
2024-10-28 22:48:50 [INFO]: User logged in: teacher@example.com
2024-10-28 22:49:25 [INFO]: User logged in: teacher@example.com
2024-10-28 22:50:09 [INFO]: Server running on port 5000
2024-10-29 08:28:28 [INFO]: User logged in: teacher@example.com
2024-10-29 08:44:36 [INFO]: Server running on port 5000
2024-10-29 08:46:05 [INFO]: Server running on port 5000
2024-10-29 08:52:40 [INFO]: Server running on port 5000
2024-10-29 08:56:19 [INFO]: Server running on port 5000
2024-10-29 08:57:56 [INFO]: Server running on port 5000
2024-10-29 09:00:13 [INFO]: Server running on port 5000
2024-10-29 09:01:25 [INFO]: Server running on port 5000
2024-10-29 09:46:35 [INFO]: Server running on port 5000
2024-10-29 09:47:19 [INFO]: Server running on port 5000
2024-10-29 09:50:44 [INFO]: Server running on port 5000
2024-10-29 09:50:56 [INFO]: Server running on port 5000
2024-10-29 09:51:52 [INFO]: Server running on port 5000
2024-10-29 09:52:37 [INFO]: Server running on port 5000
2024-10-29 09:58:35 [INFO]: Server running on port 5000
2024-10-29 10:01:12 [INFO]: Server running on port 5000
2024-10-29 10:03:08 [INFO]: Server running on port 5000
2024-10-29 10:05:22 [INFO]: Server running on port 5000
2024-10-29 10:07:37 [INFO]: Server running on port 5000
2024-10-29 10:08:44 [INFO]: Server running on port 5000
2024-10-29 10:09:19 [INFO]: Server running on port 5000
2024-10-29 10:09:55 [INFO]: Server running on port 5000
2024-10-29 10:16:04 [INFO]: Server running on port 5000
2024-10-30 12:54:02 [INFO]: Server running on port 5000
2024-10-30 12:58:17 [INFO]: Server running on port 5000
2024-10-30 12:58:28 [INFO]: Server running on port 5000
2024-10-30 13:00:32 [INFO]: Server running on port 5000
2024-10-30 13:01:04 [INFO]: Server running on port 5000
2024-10-30 13:01:39 [INFO]: Server running on port 5000
2024-10-30 13:03:55 [INFO]: Server running on port 5000
2024-10-30 13:43:47 [INFO]: Server running on port 5000
2024-10-30 13:49:35 [INFO]: Server running on port 5000
2024-10-30 13:52:41 [INFO]: Server running on port 5000
2024-10-30 13:53:56 [INFO]: Server running on port 5000
2024-10-30 13:56:01 [INFO]: Server running on port 5000
2024-10-30 13:57:38 [INFO]: Server running on port 5000
2024-10-30 13:59:10 [INFO]: Server running on port 5000
2024-10-30 15:14:31 [INFO]: Server running on port 5000
2024-10-30 15:52:55 [INFO]: Server running on port 5000
2024-10-30 15:54:16 [INFO]: Server running on port 5000
2024-10-30 15:55:15 [INFO]: Server running on port 5000
2024-10-30 16:09:14 [INFO]: Server running on port 5000
2024-10-30 16:17:26 [INFO]: Server running on port 5000
2024-10-30 16:25:20 [INFO]: Server running on port 5000
2024-10-30 16:26:32 [INFO]: Server running on port 5000
2024-10-30 16:30:09 [INFO]: Server running on port 5000
2024-10-30 16:41:13 [INFO]: Server running on port 5000
2024-10-30 16:47:49 [INFO]: Server running on port 5000
2024-10-30 17:50:02 [INFO]: Server running on port 5000
2024-10-30 19:06:41 [INFO]: Server running on port 5000
2024-10-30 19:08:47 [INFO]: Server running on port 5000
2024-10-30 19:13:10 [INFO]: Server running on port 5000
2024-10-30 20:16:06 [INFO]: Server running on port 5000
2024-10-30 20:46:24 [INFO]: User logged in: teacher@example.com
2024-10-31 12:28:10 [INFO]: User logged in: teacher@example.com
2024-10-31 12:42:47 [INFO]: User logged in: teacher@example.com
2024-10-31 12:44:31 [INFO]: User logged in: teacher@example.com
2024-10-31 12:46:17 [INFO]: Server running on port 5000
2024-10-31 12:46:33 [INFO]: User logged in: teacher@example.com
2024-10-31 12:54:06 [INFO]: User logged in: teacher@example.com
2024-10-31 12:59:02 [INFO]: User logged in: teacher@example.com
2024-10-31 13:00:38 [INFO]: User logged in: teacher@example.com
2024-10-31 13:00:47 [INFO]: User logged in: teacher@example.com
2024-10-31 13:01:48 [INFO]: User logged in: teacher@example.com
2024-10-31 13:05:51 [INFO]: User logged in: teacher@example.com
2024-10-31 13:06:49 [INFO]: User logged in: teacher@example.com
2024-10-31 13:07:45 [INFO]: User logged in: teacher@example.com
2024-10-31 13:11:00 [INFO]: User logged in: teacher@example.com
2024-10-31 13:20:27 [INFO]: User logged in: teacher@example.com
2024-10-31 13:21:04 [INFO]: User logged in: teacher@example.com
2024-10-31 13:23:48 [INFO]: User logged in: teacher@example.com
2024-10-31 13:24:10 [INFO]: User logged in: teacher@example.com
2024-10-31 13:27:09 [INFO]: User logged in: teacher@example.com
2024-10-31 14:05:01 [INFO]: Server running on port 5000
2024-10-31 14:05:14 [INFO]: User logged in: teacher@example.com
2024-10-31 14:14:19 [INFO]: Server running on port 5000
2024-10-31 14:14:33 [INFO]: User logged in: teacher@example.com
2024-10-31 14:15:27 [INFO]: Server running on port 5000
2024-10-31 14:15:38 [INFO]: User logged in: teacher@example.com
2024-10-31 14:18:52 [INFO]: User logged in: teacher@example.com
2024-10-31 14:21:26 [INFO]: User logged in: teacher@example.com
2024-10-31 14:25:49 [INFO]: Server running on port 5000
2024-10-31 14:54:46 [INFO]: User logged in: teacher@example.com
2024-10-31 15:04:04 [INFO]: User logged in: teacher@example.com
2024-10-31 15:35:37 [INFO]: User logged in: teacher@example.com
2024-10-31 15:52:08 [INFO]: User logged in: teacher@example.com
2024-10-31 18:15:16 [INFO]: Server running on port 5000
2024-10-31 18:23:08 [INFO]: Server running on port 5000
2024-10-31 18:26:01 [INFO]: Server running on port 5000
2024-10-31 18:28:03 [INFO]: Server running on port 5000
2024-10-31 18:30:05 [INFO]: Server running on port 5000
2024-10-31 18:32:36 [INFO]: Server running on port 5000
2024-10-31 18:33:19 [INFO]: Server running on port 5000
2024-10-31 18:36:15 [INFO]: Server running on port 5000
2024-10-31 18:36:53 [INFO]: Server running on port 5000
2024-10-31 18:39:33 [INFO]: Server running on port 5000
2024-10-31 18:40:59 [INFO]: Server running on port 5000
2024-10-31 18:41:31 [INFO]: Server running on port 5000
2024-10-31 18:45:48 [INFO]: Server running on port 5000
2024-10-31 18:46:24 [INFO]: Server running on port 5000
2024-10-31 18:51:06 [INFO]: Server running on port 5000
2024-10-31 20:57:37 [INFO]: Server running on port 5000
2024-10-31 20:59:54 [INFO]: Server running on port 5000
2024-10-31 21:04:20 [INFO]: Server running on port 5000
2024-10-31 21:05:04 [INFO]: Server running on port 5000
2024-10-31 23:08:03 [INFO]: Server running on port 5000
2024-10-31 23:09:21 [INFO]: Server running on port 5000
2024-10-31 23:10:02 [INFO]: Server running on port 5000
2024-10-31 23:11:04 [INFO]: Server running on port 5000
2024-10-31 23:13:18 [INFO]: Server running on port 5000
2024-10-31 23:19:46 [INFO]: Server running on port 5000
2024-10-31 23:20:36 [INFO]: Server running on port 5000
2024-10-31 23:21:41 [INFO]: Server running on port 5000
2024-10-31 23:22:00 [INFO]: Server running on port 5000
2024-10-31 23:22:40 [INFO]: Server running on port 5000
2024-10-31 23:23:27 [INFO]: Server running on port 5000
2024-10-31 23:24:08 [INFO]: Server running on port 5000
2024-11-01 00:58:39 [INFO]: User logged in: teacher@example.com
2024-11-01 00:59:35 [INFO]: User logged in: teacher@example.com
2024-11-01 01:03:49 [INFO]: User logged in: teacher@example.com
2024-11-01 01:04:13 [INFO]: User logged in: teacher@example.com
2024-11-01 01:04:41 [INFO]: User logged in: teacher@example.com
2024-11-01 01:07:23 [INFO]: User logged in: teacher@example.com
2024-11-01 01:13:18 [INFO]: User logged in: teacher@example.com
2024-11-01 01:13:59 [INFO]: User logged in: teacher@example.com
2024-11-01 01:58:51 [INFO]: User logged in: teacher@example.com
2024-11-01 09:55:52 [INFO]: User logged in: teacher@example.com
2024-11-01 09:57:13 [INFO]: User logged in: teacher@example.com
2024-11-01 10:48:06 [INFO]: Server running on port 5000
2024-11-01 11:23:53 [INFO]: User logged in: teacher@example.com
2024-11-01 17:30:42 [INFO]: User logged in: teacher@example.com
2024-11-01 17:38:58 [INFO]: Server running on port 5000
2024-11-01 17:39:32 [INFO]: User logged in: teacher@example.com
2024-11-01 17:40:40 [INFO]: User logged in: teacher@example.com
2024-11-01 17:42:02 [INFO]: User logged in: teacher@example.com
2024-11-01 17:46:17 [INFO]: Server running on port 5000
2024-11-01 17:46:31 [INFO]: User logged in: teacher@example.com
2024-11-01 17:47:16 [INFO]: Server running on port 5000
2024-11-01 17:48:56 [INFO]: Server running on port 5000
2024-11-01 17:50:19 [INFO]: Server running on port 5000
2024-11-01 17:51:42 [INFO]: Server running on port 5000
2024-11-01 17:52:57 [INFO]: Server running on port 5000
2024-11-01 17:53:36 [INFO]: Server running on port 5000
2024-11-01 18:08:48 [INFO]: Server running on port 5000
2024-11-01 18:09:30 [INFO]: Server running on port 5000
2024-11-01 18:10:15 [INFO]: Server running on port 5000
2024-11-01 18:10:42 [INFO]: Server running on port 5000
2024-11-01 18:12:00 [INFO]: Server running on port 5000
2024-11-01 18:14:00 [INFO]: Server running on port 5000
2024-11-01 18:14:07 [INFO]: User logged in: teacher@example.com
2024-11-01 18:15:22 [INFO]: Server running on port 5000
2024-11-01 18:15:30 [INFO]: User logged in: teacher@example.com
2024-11-01 18:16:00 [INFO]: Server running on port 5000
2024-11-01 18:16:08 [INFO]: User logged in: teacher@example.com
2024-11-01 18:18:19 [INFO]: Server running on port 5000
2024-11-01 18:18:27 [INFO]: User logged in: teacher@example.com
2024-11-01 18:50:14 [INFO]: Server running on port 5000
2024-11-01 18:52:27 [INFO]: Server running on port 5000
2024-11-01 18:53:17 [INFO]: Server running on port 5000
2024-11-01 21:12:21 [INFO]: User logged in: teacher@example.com
2024-11-01 21:13:15 [INFO]: User logged in: teacher@example.com
2024-11-01 23:03:44 [INFO]: Server running on port 5000
2024-11-01 23:06:08 [INFO]: Server running on port 5000
2024-11-01 23:07:47 [INFO]: Server running on port 5000
2024-11-01 23:08:55 [INFO]: Server running on port 5000
2024-11-01 23:11:23 [INFO]: Server running on port 5000
2024-11-01 23:12:49 [INFO]: Server running on port 5000
2024-11-01 23:14:03 [INFO]: Server running on port 5000
2024-11-01 23:24:52 [INFO]: User logged in: teacher@example.com
2024-11-01 23:25:23 [INFO]: User logged in: teacher@example.com
2024-11-01 23:25:58 [INFO]: User logged in: teacher@example.com
2024-11-01 23:42:59 [INFO]: Server running on port 5000
2024-11-01 23:44:34 [INFO]: Server running on port 5000
2024-11-01 23:44:42 [INFO]: Server running on port 5000
2024-11-01 23:48:02 [INFO]: Server running on port 5000
2024-11-01 23:48:43 [INFO]: Server running on port 5000
2024-11-01 23:58:17 [INFO]: Server running on port 5000
2024-11-01 23:59:37 [INFO]: Server running on port 5000
2024-11-02 00:00:10 [INFO]: Server running on port 5000
2024-11-02 00:01:23 [INFO]: Server running on port 5000
2024-11-02 00:02:47 [INFO]: Server running on port 5000
2024-11-02 00:03:52 [INFO]: Server running on port 5000
2024-11-02 00:04:52 [INFO]: Server running on port 5000
2024-11-02 00:06:26 [INFO]: Server running on port 5000
2024-11-02 00:07:19 [INFO]: Server running on port 5000
2024-11-02 00:08:38 [INFO]: Server running on port 5000
2024-11-02 00:09:10 [INFO]: Server running on port 5000
2024-11-02 00:12:00 [INFO]: Server running on port 5000
2024-11-02 00:12:25 [INFO]: Server running on port 5000
2024-11-02 00:13:40 [INFO]: Server running on port 5000
2024-11-02 09:38:17 [INFO]: User logged in: teacher@example.com
2024-11-02 10:22:32 [INFO]: User logged in: teacher@example.com
2024-11-02 10:26:46 [INFO]: User logged in: teacher@example.com
2024-11-02 12:17:48 [INFO]: Server running on port 5000
2024-11-02 12:19:09 [INFO]: Server running on port 5000
2024-11-02 12:20:03 [INFO]: Server running on port 5000
2024-11-02 18:37:48 [INFO]: User logged in: teacher@example.com
2024-11-02 18:40:40 [INFO]: Server running on port 5000
2024-11-02 18:41:40 [INFO]: User logged in: teacher@example.com
2024-11-03 12:56:19 [INFO]: Server running on port 5000
2024-11-03 12:58:27 [INFO]: Server running on port 5000
2024-11-03 13:00:12 [INFO]: Server running on port 5000
2024-11-03 13:01:39 [INFO]: Server running on port 5000
2024-11-03 13:02:04 [INFO]: Server running on port 5000
2024-11-03 13:12:40 [INFO]: Server running on port 5000
2024-11-03 13:57:22 [INFO]: User logged in: teacher@example.com
2024-11-03 13:59:32 [INFO]: User logged in: teacher@example.com
2024-11-03 14:21:20 [INFO]: User logged in: teacher@example.com
2024-11-03 14:24:59 [INFO]: User logged in: teacher@example.com
2024-11-03 14:26:50 [INFO]: User logged in: teacher@example.com
2024-11-03 14:28:21 [INFO]: User logged in: teacher@example.com
2024-11-03 14:30:01 [INFO]: User logged in: teacher@example.com
2024-11-03 14:33:10 [INFO]: User logged in: teacher@example.com
2024-11-03 14:54:23 [INFO]: User logged in: teacher@example.com
2024-11-03 14:58:27 [INFO]: User logged in: teacher@example.com
2024-11-03 15:04:08 [INFO]: User logged in: teacher@example.com
2024-11-03 15:07:58 [INFO]: User logged in: teacher@example.com
2024-11-03 20:24:53 [INFO]: User logged in: teacher@example.com
2024-11-03 21:58:50 [INFO]: User logged in: teacher@example.com
2024-11-04 14:24:51 [INFO]: User logged in: teacher@example.com
2024-11-05 14:12:41 [INFO]: Server running on port 5000
2024-11-05 14:15:07 [ERROR]: Login error: 
2024-11-05 14:15:23 [ERROR]: Login error: 
2024-11-05 14:15:30 [ERROR]: Login error: 
2024-11-05 14:16:35 [INFO]: User logged in: teacher@example.com
2024-11-05 15:20:14 [INFO]: User logged in: teacher@example.com
2024-11-05 15:22:37 [INFO]: Server running on port 5000
2024-11-05 15:22:47 [INFO]: User logged in: teacher@example.com
2024-11-05 15:22:47 [ERROR]: Login error: row is not defined
2024-11-05 15:22:49 [INFO]: User logged in: teacher@example.com
2024-11-05 15:22:49 [ERROR]: Login error: row is not defined
2024-11-05 15:23:01 [INFO]: Server running on port 5000
2024-11-05 15:23:04 [INFO]: User logged in: teacher@example.com
2024-11-05 15:30:55 [INFO]: User logged in: teacher@example.com
2024-11-05 15:31:04 [INFO]: User logged in: teacher@example.com
2024-11-05 15:31:25 [INFO]: User logged in: teacher@example.com
2024-11-05 15:31:48 [INFO]: User logged in: teacher@example.com
2024-11-05 15:33:19 [INFO]: User logged in: teacher@example.com
2024-11-05 15:33:49 [INFO]: User logged in: teacher@example.com
2024-11-05 15:36:29 [INFO]: User logged in: teacher@example.com
2024-11-05 15:37:18 [INFO]: User logged in: teacher@example.com
2024-11-05 15:38:47 [INFO]: User logged in: teacher@example.com
2024-11-05 15:39:05 [INFO]: User logged in: teacher@example.com
2024-11-05 15:39:23 [INFO]: User logged in: teacher@example.com
2024-11-05 15:41:06 [INFO]: User logged in: teacher@example.com
2024-11-05 15:42:32 [INFO]: User logged in: teacher@example.com
2024-11-05 15:44:54 [INFO]: User logged in: teacher@example.com
2024-11-05 15:47:13 [INFO]: User logged in: teacher@example.com
2024-11-05 16:20:49 [INFO]: User logged in: teacher@example.com
2024-11-05 17:13:27 [INFO]: Server running on port 5000
2024-11-05 17:14:42 [INFO]: Server running on port 5000
2024-11-05 17:16:17 [INFO]: Server running on port 5000
2024-11-05 17:16:46 [INFO]: Server running on port 5000
2024-11-05 17:18:47 [INFO]: Server running on port 5000
2024-11-05 17:19:27 [INFO]: Server running on port 5000
2024-11-05 17:20:35 [INFO]: Server running on port 5000
2024-11-05 22:36:38 [INFO]: User logged in: teacher@example.com
2024-11-05 23:16:21 [INFO]: Server running on port 5000
2024-11-05 23:18:52 [INFO]: Server running on port 5000
2024-11-05 23:19:54 [INFO]: Server running on port 5000
2024-11-05 23:20:28 [INFO]: Server running on port 5000
2024-11-05 23:25:09 [INFO]: Server running on port 5000
2024-11-05 23:27:04 [INFO]: Server running on port 5000
2024-11-05 23:27:44 [INFO]: Server running on port 5000
2024-11-05 23:28:56 [INFO]: Server running on port 5000
2024-11-05 23:36:42 [INFO]: Server running on port 5000
2024-11-05 23:40:32 [INFO]: Failed login attempt for email: manzaad@gmail.com
2024-11-05 23:42:12 [INFO]: Server running on port 5000
2024-11-05 23:42:15 [INFO]: User logged in: manzaad@gmail.com
2024-11-05 23:47:20 [INFO]: Server running on port 5000
2024-11-05 23:54:43 [INFO]: User logged in: manzaad@gmail.com
2024-11-05 23:55:30 [INFO]: User logged in: manzaad@gmail.com
2024-11-05 23:58:36 [INFO]: User logged in: manzaad@gmail.com
2024-11-06 00:02:12 [INFO]: Server running on port 5000
2024-11-06 00:04:44 [INFO]: Server running on port 5000
2024-11-06 00:04:46 [INFO]: User logged in: manzaad@gmail.com
2024-11-06 12:55:19 [INFO]: User logged in: manzaad@gmail.com
2024-11-06 18:24:52 [INFO]: User logged in: manzaad@gmail.com
2024-11-08 19:30:27 [INFO]: User logged in: manzaad@gmail.com
2024-11-08 23:38:13 [INFO]: User logged in: manzaad@gmail.com
2024-11-08 23:49:32 [INFO]: User logged in: manzaad@gmail.com
2024-11-08 23:52:23 [INFO]: User logged in: manzaad@gmail.com
2024-11-09 15:42:21 [INFO]: User logged in: manzaad@gmail.com
2024-11-09 15:44:59 [INFO]: User logged in: manzaad@gmail.com
2024-11-09 16:33:52 [INFO]: User logged in: manzaad@gmail.com
2024-11-10 12:14:45 [INFO]: User logged in: manzaad@gmail.com
2024-11-10 14:14:04 [INFO]: User logged in: manzaad@gmail.com
2024-11-10 16:43:08 [INFO]: Server running on port 5000
2024-11-10 16:48:13 [INFO]: Server running on port 5000
2024-11-10 22:59:58 [INFO]: Failed login attempt for email: manzaa@april.com
2024-11-10 23:00:01 [INFO]: Failed login attempt for email: manzaa@april.com
2024-11-10 23:00:52 [INFO]: Failed login attempt for email: manzaa@april.com
2024-11-10 23:00:53 [INFO]: Failed login attempt for email: manzaa@april.com
2024-11-10 23:00:57 [INFO]: Failed login attempt for email: manzaa@april.com
2024-11-10 23:14:21 [INFO]: User logged in: manzaad@gmail.com
2024-11-11 08:41:05 [INFO]: User logged in: manzaad@gmail.com
2024-11-11 08:43:20 [INFO]: User logged in: manzaad@gmail.com
2024-11-11 08:58:03 [INFO]: Server running on port 5000
2024-11-11 08:58:07 [INFO]: User logged in: manzaad@gmail.com
2024-11-11 08:58:50 [INFO]: User logged in: manzaad@gmail.com
2024-11-13 10:32:40 [INFO]: User logged in: manzaad@gmail.com
2024-11-13 23:32:26 [INFO]: User logged in: manzaad@gmail.com
2024-11-14 13:06:17 [INFO]: User logged in: manzaad@gmail.com
2024-11-20 23:58:14 [INFO]: User logged in: manzaad@gmail.com
2024-11-23 15:16:02 [INFO]: User logged in: manzaad@gmail.com
2024-11-23 15:53:06 [INFO]: User logged in: manzaad@gmail.com
2024-11-24 10:45:07 [INFO]: Server running on port 5000
2024-11-24 10:45:41 [INFO]: Server running on port 5000
2024-11-24 10:49:05 [INFO]: Server running on port 5000
2024-11-24 10:49:57 [INFO]: Server running on port 5000
2024-11-24 10:53:38 [INFO]: Server running on port 5000
2024-11-24 10:54:39 [INFO]: Server running on port 5000
2024-11-24 10:55:05 [INFO]: Server running on port 5000
2024-11-24 10:58:43 [INFO]: Server running on port 5000
2024-11-24 10:59:41 [INFO]: Server running on port 5000
2024-11-24 11:01:08 [INFO]: Server running on port 5000
2024-11-24 11:13:16 [INFO]: Server running on port 5000
2024-11-24 11:14:07 [INFO]: Server running on port 5000
2024-11-24 11:15:40 [INFO]: Server running on port 5000
2024-11-24 11:15:55 [INFO]: Server running on port 5000
2024-11-24 11:18:28 [INFO]: Server running on port 5000
2024-11-24 11:21:36 [INFO]: Server running on port 5000
2024-11-24 11:22:30 [INFO]: Server running on port 5000
2024-11-24 11:24:50 [INFO]: Server running on port 5000
2024-11-24 11:25:11 [INFO]: Server running on port 5000
2024-11-24 11:29:21 [INFO]: Server running on port 5000
2024-11-24 11:29:56 [INFO]: Server running on port 5000
2024-11-24 11:30:20 [INFO]: Server running on port 5000
2024-11-24 11:30:35 [INFO]: Server running on port 5000
2024-11-24 11:30:55 [INFO]: Server running on port 5000
2024-11-24 11:31:10 [INFO]: Server running on port 5000
2024-11-24 11:32:51 [INFO]: Server running on port 5000
2024-11-24 11:44:35 [INFO]: Server running on port 5000
2024-11-24 11:45:14 [INFO]: Server running on port 5000
2024-11-24 12:37:54 [INFO]: Server running on port 5000
2024-11-24 12:38:45 [INFO]: Server running on port 5000
2024-11-24 12:39:34 [INFO]: Server running on port 5000
2024-11-24 12:40:03 [INFO]: Server running on port 5000
2024-11-24 12:40:14 [INFO]: Server running on port 5000
2024-11-24 12:40:36 [INFO]: Server running on port 5000
2024-11-24 12:41:01 [INFO]: Server running on port 5000
2024-11-24 12:41:44 [ERROR]: Login error: Pool is closed.
2024-11-24 12:42:17 [INFO]: Server running on port 5000
2024-11-24 12:42:19 [INFO]: User logged in: manzaad@gmail.com
2024-11-24 19:09:53 [INFO]: Server running on port 5000
2024-11-24 19:26:43 [INFO]: Server running on port 5000
2024-11-24 19:58:06 [INFO]: Server running on port 5000
2024-11-24 21:33:38 [INFO]: Server running on port 5000
2024-11-24 21:41:06 [INFO]: Server running on port 5000
2024-11-24 21:41:30 [INFO]: Server running on port 5000
2024-11-24 21:46:32 [INFO]: Server running on port 5000
2024-11-24 21:48:08 [INFO]: Server running on port 5000
2024-11-24 21:51:35 [INFO]: Server running on port 5000
2024-11-24 21:52:09 [INFO]: Server running on port 5000
2024-11-24 21:52:54 [INFO]: Server running on port 5000
2024-11-24 21:56:19 [INFO]: Server running on port 5000
2024-11-24 21:57:31 [INFO]: Server running on port 5000
2024-11-24 21:59:41 [INFO]: User logged in: manzaad@gmail.com
2024-11-24 22:01:11 [INFO]: Server running on port 5000
2024-11-24 22:02:59 [INFO]: User logged in: manzaad@gmail.com
2024-11-24 23:16:12 [INFO]: User logged in: manzaad@gmail.com
2024-11-25 09:06:53 [INFO]: User logged in: manzaad@gmail.com
2024-11-25 09:53:39 [INFO]: User logged in: manzaad@gmail.com
2024-11-25 09:55:03 [INFO]: User logged in: manzaad@gmail.com
2024-11-25 09:55:44 [INFO]: Server running on port 5000
2024-11-25 09:56:05 [INFO]: User logged in: manzaad@gmail.com
2024-11-25 11:35:34 [INFO]: Server running on port 5000
2024-11-25 11:41:11 [INFO]: Server running on port 5000
2024-11-25 11:42:03 [ERROR]: Login error: 
2024-11-25 11:42:07 [ERROR]: Login error: 
2024-11-25 11:42:20 [ERROR]: Login error: 
2024-11-25 11:42:22 [ERROR]: Login error: 
2024-11-25 11:42:36 [ERROR]: Login error: 
2024-11-25 11:43:43 [INFO]: Server running on port 5000
2024-11-25 11:43:44 [ERROR]: Login error: 
2024-11-25 11:44:00 [ERROR]: Login error: 
2024-11-25 11:45:25 [INFO]: Server running on port 5000
2024-11-25 11:45:29 [ERROR]: Login error: 
2024-11-25 11:45:33 [ERROR]: Login error: 
2024-11-25 11:46:13 [INFO]: User logged in: manzaad@gmail.com
2024-11-25 11:46:17 [INFO]: User logged in: manzaad@gmail.com
2024-11-25 11:46:27 [INFO]: Server running on port 5000
2024-11-25 11:46:35 [INFO]: User logged in: manzaad@gmail.com
2024-11-25 16:56:44 [INFO]: User logged in: manzaad@gmail.com
2024-11-25 17:00:37 [INFO]: User logged in: manzaad@gmail.com
2024-11-25 17:22:48 [INFO]: User logged in: manzaad@gmail.com
2024-11-25 17:27:21 [INFO]: User logged in: manzaad@gmail.com
2024-11-26 14:29:56 [INFO]: User logged in: manzaad@gmail.com
2024-11-26 14:31:16 [INFO]: User logged in: manzaad@gmail.com
2024-11-26 17:36:16 [INFO]: User logged in: manzaad@gmail.com
2024-11-26 17:39:49 [INFO]: User logged in: manzaad@gmail.com
2024-11-27 11:15:28 [INFO]: User logged in: manzaad@gmail.com
